<?xml version="1.0" encoding="UTF-8"?>
<!-- Generated by org.testng.reporters.JUnitReportReporter -->
<testsuite hostname="DESKTOP-DSBT63E" failures="0" tests="1" name="com.cucumber.TestRunner.UserRecentCertificateGenerationsandVerificationsQRCodeRunner" time="20.744" errors="0" timestamp="26 Mar 2024 17:46:38 GMT">
  <testcase classname="com.cucumber.TestRunner.UserRecentCertificateGenerationsandVerificationsQRCodeRunner" name="feature" time="20.744"/>
</testsuite> <!-- com.cucumber.TestRunner.UserRecentCertificateGenerationsandVerificationsQRCodeRunner -->
