<?xml version="1.0" encoding="UTF-8"?>
<!-- Generated by org.testng.reporters.JUnitReportReporter -->
<testsuite hostname="DESKTOP-DSBT63E" failures="0" tests="1" name="com.cucumber.TestRunner.UserGenSingleEmailWithMultipleSpecialcharectersRunner" time="39.159" errors="0" timestamp="26 Mar 2024 17:46:38 GMT">
  <testcase classname="com.cucumber.TestRunner.UserGenSingleEmailWithMultipleSpecialcharectersRunner" name="feature" time="39.159"/>
</testsuite> <!-- com.cucumber.TestRunner.UserGenSingleEmailWithMultipleSpecialcharectersRunner -->
