<?xml version="1.0" encoding="UTF-8"?>
<!-- Generated by org.testng.reporters.JUnitReportReporter -->
<testsuite hostname="DESKTOP-DSBT63E" failures="0" tests="1" name="com.cucumber.TestRunner.UserGenSingleMobileWithAbove10digitsRunner" time="33.214" errors="0" timestamp="26 Mar 2024 17:46:38 GMT">
  <testcase classname="com.cucumber.TestRunner.UserGenSingleMobileWithAbove10digitsRunner" name="feature" time="33.214"/>
</testsuite> <!-- com.cucumber.TestRunner.UserGenSingleMobileWithAbove10digitsRunner -->
