<?xml version="1.0" encoding="UTF-8"?>
<!-- Generated by org.testng.reporters.JUnitReportReporter -->
<testsuite hostname="DESKTOP-DSBT63E" failures="0" tests="1" name="com.cucumber.TestRunner.UserGenSingleByUploadingJPGfileRunner" time="44.969" errors="0" timestamp="26 Mar 2024 17:46:38 GMT">
  <testcase classname="com.cucumber.TestRunner.UserGenSingleByUploadingJPGfileRunner" name="feature" time="44.969"/>
</testsuite> <!-- com.cucumber.TestRunner.UserGenSingleByUploadingJPGfileRunner -->
