<?xml version="1.0" encoding="UTF-8"?>
<!-- Generated by org.testng.reporters.JUnitReportReporter -->
<testsuite hostname="DESKTOP-DSBT63E" failures="0" tests="1" name="com.cucumber.TestRunner.UserVerifyCertificatesRunner" time="37.583" errors="0" timestamp="26 Mar 2024 13:16:52 GMT">
  <testcase classname="com.cucumber.TestRunner.UserVerifyCertificatesRunner" name="feature" time="37.583"/>
</testsuite> <!-- com.cucumber.TestRunner.UserVerifyCertificatesRunner -->
