<?xml version="1.0" encoding="UTF-8"?>
<!-- Generated by org.testng.reporters.JUnitReportReporter -->
<testsuite hostname="DESKTOP-DSBT63E" failures="0" tests="1" name="com.cucumber.TestRunner.UserUpdateProfileRunner" time="39.014" errors="0" timestamp="26 Mar 2024 13:16:52 GMT">
  <testcase classname="com.cucumber.TestRunner.UserUpdateProfileRunner" name="feature" time="39.014"/>
</testsuite> <!-- com.cucumber.TestRunner.UserUpdateProfileRunner -->
