<?xml version="1.0" encoding="UTF-8"?>
<!-- Generated by org.testng.reporters.JUnitReportReporter -->
<testsuite hostname="DESKTOP-DSBT63E" failures="0" tests="1" name="com.cucumber.TestRunner.UserBulkGeneratedCertficatesRunner" time="20.749" errors="0" timestamp="26 Mar 2024 13:16:52 GMT">
  <testcase classname="com.cucumber.TestRunner.UserBulkGeneratedCertficatesRunner" name="feature" time="20.749"/>
</testsuite> <!-- com.cucumber.TestRunner.UserBulkGeneratedCertficatesRunner -->
