<?xml version="1.0" encoding="UTF-8"?>
<!-- Generated by org.testng.reporters.JUnitReportReporter -->
<testsuite hostname="DESKTOP-DSBT63E" failures="0" tests="1" name="com.cucumber.TestRunner.UserGeneratedCertificatesRunner" time="82.252" errors="0" timestamp="26 Mar 2024 13:16:52 GMT">
  <testcase classname="com.cucumber.TestRunner.UserGeneratedCertificatesRunner" name="feature" time="82.252"/>
</testsuite> <!-- com.cucumber.TestRunner.UserGeneratedCertificatesRunner -->
